Arguments: 
  C:\Program Files\nodejs\node.exe C:\Users\Harsh\AppData\Roaming\npm\node_modules\yarn\bin\yarn.js init

PATH: 
  C:\Program Files (x86)\Intel\Intel(R) Management Engine Components\iCLS\;C:\Program Files\Intel\Intel(R) Management Engine Components\iCLS\;C:\Program Files (x86)\Common Files\Oracle\Java\javapath;C:\Windows\system32;C:\Windows;C:\Windows\System32\Wbem;C:\Windows\System32\WindowsPowerShell\v1.0\;C:\Windows\System32\OpenSSH\;C:\Program Files (x86)\NVIDIA Corporation\PhysX\Common;C:\Program Files\Git\cmd;C:\Program Files\nodejs\;C:\Program Files (x86)\Intel\Intel(R) Management Engine Components\DAL;C:\Program Files\Intel\Intel(R) Management Engine Components\DAL;C:\Program Files\Java\jdk1.8.0_181\bin;C:\Users\Harsh\Anaconda3;C:\Users\Harsh\Anaconda3\Library\mingw-w64\bin;C:\Users\Harsh\Anaconda3\Library\usr\bin;C:\Users\Harsh\Anaconda3\Library\bin;C:\Users\Harsh\Anaconda3\Scripts;C:\Users\Harsh\AppData\Local\Microsoft\WindowsApps;C:\Users\Harsh\AppData\Local\Programs\Microsoft VS Code\bin;C:\Users\Harsh\AppData\Local\atom\bin;C:\Users\Harsh\AppData\Roaming\npm

Yarn version: 
  1.13.0

Node version: 
  8.11.4

Platform: 
  win32 x64

Trace: 
  Error: canceled
      at Interface.<anonymous> (C:\Users\Harsh\AppData\Roaming\npm\node_modules\yarn\lib\cli.js:125657:13)
      at emitNone (events.js:106:13)
      at Interface.emit (events.js:208:7)
      at Interface._ttyWrite (readline.js:774:16)
      at ReadStream.onkeypress (readline.js:158:10)
      at emitTwo (events.js:126:13)
      at ReadStream.emit (events.js:214:7)
      at emitKeys (internal/readline.js:420:14)
      at emitKeys.next (<anonymous>)
      at ReadStream.onData (readline.js:1010:36)

npm manifest: 
  No manifest

yarn manifest: 
  No manifest

Lockfile: 
  No lockfile
